<?xml version="1.0" encoding="UTF-8"?>
<!-- Generated by org.testng.reporters.JUnitReportReporter -->
<testsuite hostname="dj-book" failures="0" tests="1" name="sel.interest.ClaculateInterestTest" time="108.968" errors="0" timestamp="2024-11-11T14:16:12 IST" skipped="0">
  <testcase classname="sel.interest.ClaculateInterestTest" name="testInterestRateCalculator" time="108.968"/>
</testsuite> <!-- sel.interest.ClaculateInterestTest -->
